mode: atomic
jabberwocky238/jw238dns/internal/geoip/geoip.go:37.50,39.16 2 1
jabberwocky238/jw238dns/internal/geoip/geoip.go:39.16,41.3 1 1
jabberwocky238/jw238dns/internal/geoip/geoip.go:42.2,42.29 1 0
jabberwocky238/jw238dns/internal/geoip/geoip.go:46.32,47.17 1 1
jabberwocky238/jw238dns/internal/geoip/geoip.go:47.17,49.3 1 0
jabberwocky238/jw238dns/internal/geoip/geoip.go:50.2,50.12 1 1
jabberwocky238/jw238dns/internal/geoip/geoip.go:55.58,57.16 2 0
jabberwocky238/jw238dns/internal/geoip/geoip.go:57.16,59.3 1 0
jabberwocky238/jw238dns/internal/geoip/geoip.go:60.2,63.8 1 0
jabberwocky238/jw238dns/internal/geoip/geoip.go:68.42,80.2 7 48
jabberwocky238/jw238dns/internal/geoip/geoip.go:83.44,85.2 1 197
jabberwocky238/jw238dns/internal/geoip/geoip.go:91.93,92.30 1 10
jabberwocky238/jw238dns/internal/geoip/geoip.go:92.30,93.72 1 12
jabberwocky238/jw238dns/internal/geoip/geoip.go:93.72,94.12 1 4
jabberwocky238/jw238dns/internal/geoip/geoip.go:96.3,96.26 1 8
jabberwocky238/jw238dns/internal/geoip/geoip.go:96.26,97.12 1 1
jabberwocky238/jw238dns/internal/geoip/geoip.go:99.3,99.44 1 7
jabberwocky238/jw238dns/internal/geoip/geoip.go:105.86,112.30 3 7
jabberwocky238/jw238dns/internal/geoip/geoip.go:112.30,114.16 2 15
jabberwocky238/jw238dns/internal/geoip/geoip.go:114.16,117.12 2 1
jabberwocky238/jw238dns/internal/geoip/geoip.go:119.3,120.34 2 14
jabberwocky238/jw238dns/internal/geoip/geoip.go:120.34,122.12 2 3
jabberwocky238/jw238dns/internal/geoip/geoip.go:124.3,124.80 1 11
jabberwocky238/jw238dns/internal/geoip/geoip.go:127.2,127.48 1 7
jabberwocky238/jw238dns/internal/geoip/geoip.go:127.48,129.3 1 9
jabberwocky238/jw238dns/internal/geoip/geoip.go:131.2,131.28 1 7
jabberwocky238/jw238dns/internal/geoip/geoip.go:131.28,133.3 1 15
